Pokemoon Samuel/app/build/intermediates/manifest_merge_blame_file/debug/manifest-merger-blame-debug-report.txt
1<?xml version="1.0" encoding="utf-8"?>
2<manifest xmlns:android="http://schemas.android.com/apk/res/android"
3    package="com.byoyedele.pokemoon"
4    android:versionCode="1"
5    android:versionName="1.0" >
6
7    <uses-sdk
8        android:minSdkVersion="23"
8-->src/main/AndroidManifest.xml
9        android:targetSdkVersion="30" />
9-->src/main/AndroidManifest.xml
10
11    <uses-permission android:name="android.permission.INTERNET" />
11-->src/main/AndroidManifest.xml:5:5-67
11-->src/main/AndroidManifest.xml:5:22-64
12    <uses-permission android:name="android.permission.ACCESS_NETWORK_STATE" />
12-->src/main/AndroidManifest.xml:6:5-79
12-->src/main/AndroidManifest.xml:6:22-76
13
14    <application
14-->src/main/AndroidManifest.xml:8:5-23:19
15        android:allowBackup="true"
15-->src/main/AndroidManifest.xml:9:9-35
16        android:appComponentFactory="androidx.core.app.CoreComponentFactory"
16-->[androidx.core:core:1.3.1] AndroidManifest.xml:24:18-86
17        android:debuggable="true"
18        android:extractNativeLibs="false"
19        android:icon="@mipmap/ic_launcher"
19-->src/main/AndroidManifest.xml:10:9-43
20        android:label="@string/app_name"
20-->src/main/AndroidManifest.xml:11:9-41
21        android:roundIcon="@mipmap/ic_launcher_round"
21-->src/main/AndroidManifest.xml:12:9-54
22        android:supportsRtl="true"
22-->src/main/AndroidManifest.xml:13:9-35
23        android:testOnly="true"
24        android:theme="@style/AppTheme" >
24-->src/main/AndroidManifest.xml:14:9-40
25        <activity android:name="com.byoyedele.pokemoon.PokeyDetail" />
25-->src/main/AndroidManifest.xml:15:9-58
25-->src/main/AndroidManifest.xml:15:19-46
26        <activity android:name="com.byoyedele.pokemoon.MainActivity" >
26-->src/main/AndroidManifest.xml:16:9-22:20
26-->src/main/AndroidManifest.xml:16:19-47
27            <intent-filter>
27-->src/main/AndroidManifest.xml:17:13-21:29
28                <action android:name="android.intent.action.MAIN" />
28-->src/main/AndroidManifest.xml:18:17-69
28-->src/main/AndroidManifest.xml:18:25-66
29
30                <category android:name="android.intent.category.LAUNCHER" />
30-->src/main/AndroidManifest.xml:20:17-77
30-->src/main/AndroidManifest.xml:20:27-74
31            </intent-filter>
32        </activity>
33
34        <provider
34-->[androidx.lifecycle:lifecycle-process:2.2.0] AndroidManifest.xml:25:9-29:43
35            android:name="androidx.lifecycle.ProcessLifecycleOwnerInitializer"
35-->[androidx.lifecycle:lifecycle-process:2.2.0] AndroidManifest.xml:26:13-79
36            android:authorities="com.byoyedele.pokemoon.lifecycle-process"
36-->[androidx.lifecycle:lifecycle-process:2.2.0] AndroidManifest.xml:27:13-69
37            android:exported="false"
37-->[androidx.lifecycle:lifecycle-process:2.2.0] AndroidManifest.xml:28:13-37
38            android:multiprocess="true" />
38-->[androidx.lifecycle:lifecycle-process:2.2.0] AndroidManifest.xml:29:13-40
39    </application>
40
41</manifest>